This is pdfeTeXk, Version 3.141592-1.11a-2.1 (Web2c 7.5.2) (format=latex 2004.5.10)  31 MAR 2006 13:36
 %&-line parsing enabled.
 (c:\swp50\TCITeX/web2c/cp8bit.tcx)
**C:/swp50/temp/swp0002.tex
(c:/swp50/temp/swp0002.tex{c:\swp50\TCITeX/pdftex/config/pdftex.cfg}
LaTeX2e <2003/12/01>
(c:\swp50\TCITeX/tex/latex/base/article.cls
Document Class: article 2004/02/16 v1.4f Standard LaTeX document class
(c:\swp50\TCITeX/tex/latex/base/size10.clo
File: size10.clo 2004/02/16 v1.4f Standard LaTeX file (size option)
)
\c@part=\count79
\c@section=\count80
\c@subsection=\count81
\c@subsubsection=\count82
\c@paragraph=\count83
\c@subparagraph=\count84
\c@figure=\count85
\c@table=\count86
\abovecaptionskip=\skip41
\belowcaptionskip=\skip42
\bibindent=\dimen102
)
(c:\swp50\TCITeX/tex/latex/latex/psnfss/times.sty
Package: times 2003/03/02 PSNFSS-v9.0c (SPQR) 
)
(c:\swp50\TCITeX/tex/latex/latex/pdfscreen/pdfscreen.sty
Package: pdfscreen 2000/07/07 v.1.5 screen PDF design (CVR)

(c:\swp50\TCITeX/tex/latex/latex/graphics/graphicx.sty
Package: graphicx 1999/02/16 v1.0f Enhanced LaTeX Graphics (DPC,SPQR)

(c:\swp50\TCITeX/tex/latex/latex/graphics/keyval.sty
Package: keyval 1999/03/16 v1.13 key=value parser (DPC)
\KV@toks@=\toks14
)
(c:\swp50\TCITeX/tex/latex/latex/graphics/graphics.sty
Package: graphics 2001/07/07 v1.0n Standard LaTeX Graphics (DPC,SPQR)

(c:\swp50\TCITeX/tex/latex/latex/graphics/trig.sty
Package: trig 1999/03/16 v1.09 sin cos tan (DPC)
)
(c:\swp50\TCITeX/tex/latex/latex/00miktex/graphics.cfg
File: graphics.cfg 2003/03/12 v1.1 MiKTeX 'graphics' configuration
)
Package graphics Info: Driver file: pdftex.def on input line 80.

(c:\swp50\TCITeX/tex/latex/latex/graphics/pdftex.def
File: pdftex.def 2001/11/29 v0.03i graphics/color for pdftex
\Gread@gobject=\count87
))
\Gin@req@height=\dimen103
\Gin@req@width=\dimen104
)
(c:\swp50\TCITeX/tex/latex/latex/graphics/color.sty
Package: color 1999/02/16 v1.0i Standard LaTeX Color (DPC)

(c:\swp50\TCITeX/tex/latex/latex/00miktex/color.cfg
File: color.cfg 2003/03/08 v1.0 MiKTeX 'color' configuration
)
Package color Info: Driver file: pdftex.def on input line 125.
)
(c:\swp50\TCITeX/tex/latex/latex/tools/calc.sty
Package: calc 1998/07/07 v4.1b Infix arithmetic (KKT,FJ)
\calc@Acount=\count88
\calc@Bcount=\count89
\calc@Adimen=\dimen105
\calc@Bdimen=\dimen106
\calc@Askip=\skip43
\calc@Bskip=\skip44
LaTeX Info: Redefining \setlength on input line 59.
LaTeX Info: Redefining \addtolength on input line 60.
\calc@denominator=\count90
)
(c:\swp50\TCITeX/tex/latex/latex/comment/comment.sty
\CommentStream=\write3

Excluding comment 'comment')
\c@panel=\count91
\c@driver=\count92
\c@scheme=\count93

(c:\swp50\TCITeX/tex/latex/contrib/supported/hyperref/hyperref.sty
Package: hyperref 2003/06/01 v6.74e Hypertext links for LaTeX
\@linkdim=\dimen107
\Hy@linkcounter=\count94
\Hy@pagecounter=\count95

(c:\swp50\TCITeX/tex/latex/contrib/supported/hyperref/pd1enc.def
File: pd1enc.def 2003/06/01 v6.74e Hyperref: PDFDocEncoding definition (HO)
)
(c:\swp50\TCITeX/tex/latex/latex/00miktex/hyperref.cfg
File: hyperref.cfg 2003/03/08 v1.0 MiKTeX 'hyperref' configuration
)
Package hyperref Info: Hyper figures OFF on input line 1879.
Package hyperref Info: Link nesting OFF on input line 1884.
Package hyperref Info: Hyper index ON on input line 1887.
Package hyperref Info: Plain pages ON on input line 1892.
Package hyperref Info: Backreferencing OFF on input line 1899.

Implicit mode ON; LaTeX internals redefined
Package hyperref Info: Bookmarks ON on input line 2003.
(c:\swp50\TCITeX/tex/latex/contrib/other/misc/url.sty
\Urlmuskip=\muskip10
Package: url 2003/11/24  ver 3.0  Verb mode for urls, etc.
)
LaTeX Info: Redefining \url on input line 2142.
\Fld@menulength=\count96
\Field@Width=\dimen108
\Fld@charsize=\dimen109
\Choice@toks=\toks15
\Field@toks=\toks16
Package hyperref Info: Hyper figures OFF on input line 2617.
Package hyperref Info: Link nesting OFF on input line 2622.
Package hyperref Info: Hyper index ON on input line 2625.
Package hyperref Info: backreferencing OFF on input line 2632.
Package hyperref Info: Link coloring OFF on input line 2637.
\c@Item=\count97
\c@Hfootnote=\count98
)
*hyperref using driver hpdftex*
(c:\swp50\TCITeX/tex/latex/contrib/supported/hyperref/hpdftex.def
File: hpdftex.def 2003/06/01 v6.74e Hyperref driver for pdfTeX

(c:\swp50\TCITeX/tex/latex/latex/psnfss/pifont.sty
Package: pifont 2003/03/02 PSNFSS-v9.0c Pi font support (SPQR) 
LaTeX Font Info:    Try loading font information for U+pzd on input line 63.

(c:\swp50\TCITeX/tex/latex/latex/psnfss/upzd.fd
File: upzd.fd 2001/06/04 font definitions for U/pzd.
)
LaTeX Font Info:    Try loading font information for U+psy on input line 64.

(c:\swp50\TCITeX/tex/latex/latex/psnfss/upsy.fd
File: upsy.fd 2001/06/04 font definitions for U/psy.
))
\Fld@listcount=\count99
\@outlinefile=\write4
)

Package hyperref Warning: Option `pagebackref' has already been used,
(hyperref)                setting the option has no effect on input line 337.

Package hyperref Info: Option `colorlinks' set `true' on input line 337.
Package hyperref Info: Option `pdfmenubar' set `false' on input line 337.
Package hyperref Info: Option `pdftoolbar' set `false' on input line 337.
Package hyperref Info: Option `pdffitwindow' set `true' on input line 337.
Package hyperref Info: Option `pdfcenterwindow' set `true' on input line 337.
Package hyperref Info: Option `pdfwindowui' set `false' on input line 337.

Package hyperref Warning: Option `backref' has already been used,
(hyperref)                setting the option has no effect on input line 337.

Include comment 'screen' Excluding comment 'print'
Package pdfscreen Info: Default options loaded on input line 362.
Package pdfscreen Info: No color scheme specified 
(pdfscreen)             default color scheme loaded on input line 439.
\@PDFbox=\box26
\shadowsize=\dimen110
\do@PDFBox=\toks17
\panelwidth=\skip45

(c:\swp50\TCITeX/tex/latex/latex/amsfonts/amssymb.sty
Package: amssymb 2002/01/22 v2.2d

(c:\swp50\TCITeX/tex/latex/latex/amsfonts/amsfonts.sty
Package: amsfonts 2001/10/25 v2.2f
\@emptytoks=\toks18
\symAMSa=\mathgroup4
\symAMSb=\mathgroup5
LaTeX Font Info:    Overwriting math alphabet `\mathfrak' in version `bold'
(Font)                  U/euf/m/n --> U/euf/b/n on input line 132.
))
(c:\swp50\TCITeX/tex/latex/amsmath/amsbsy.sty
Package: amsbsy 1999/11/29 v1.2d

(c:\swp50\TCITeX/tex/latex/amsmath/amsgen.sty
File: amsgen.sty 1999/11/30 v2.0
\@emptytoks=\toks19
\ex@=\dimen111
)
\pmbraise@=\dimen112
)
\buttonwidth=\dimen113
\smallbuttonwidth=\dimen114
\@PDFspaceleft=\dimen115
\@Leftmargin=\dimen116
\@Rightmargin=\dimen117
\@Topmargin=\dimen118
\@Bottommargin=\dimen119
\Textmarginright=\dimen120
\Textmarginleft=\dimen121
\Textmargintop=\dimen122
\Textmarginbottom=\dimen123
\marginright=\dimen124
\marginleft=\dimen125
\margintop=\dimen126
\marginbottom=\dimen127
\panelheight=\dimen128
\LLX=\dimen129
\LLY=\dimen130
\URX=\dimen131
\URY=\dimen132
\calfactor=\dimen133
\overlayheight=\dimen134
\overlaywidth=\dimen135
\c@panel@section=\count100
\c@slide=\count101
\c@slideoverlay=\count102
\c@overlay=\count103
)
Package pdfscreen Info: no panel options loaded on input line 15.
Package pdfscreen Info: LLX=0.0pt
(pdfscreen)             LLY=0.0pt
(pdfscreen)             URX=578.15999pt
(pdfscreen)             URY=451.6875pt
(pdfscreen)             panelwidth=0.0pt
(pdfscreen)             overlaywidth=578.15999pt
(pdfscreen)             textwidth=505.89pt
(pdfscreen)             textheight=379.41751pt
(pdfscreen)             paperwidth=578.15999pt
(pdfscreen)             paperheight=451.6875pt
(pdfscreen)             calfactor=0.0pt
(pdfscreen)             Panel=0 on input line 15.

(c:\swp50\TCITeX/tex/latex/latex/tci/tcilatex.tex
TCILATEX Macros for Scientific Word 3.0 <19 May 1997>.
NOTICE: This macro file is NOT proprietary and may be freely copied and distrib
uted.
\@hour=\count104
\@minute=\count105
\GRAPHICSTYPE=\count106
\draft=\count107
\dispkind=\count108
\c@chapter=\count109
\theight=\dimen136
LaTeX Info: Redefining \rm on input line 545.
LaTeX Info: Redefining \sf on input line 546.
LaTeX Info: Redefining \tt on input line 547.
LaTeX Info: Redefining \bf on input line 548.
LaTeX Info: Redefining \it on input line 549.
LaTeX Info: Redefining \sl on input line 550.
LaTeX Info: Redefining \sc on input line 551.
\c@theorem=\count110
\c@axiom=\count111
\c@remark=\count112
\c@example=\count113
\c@exercise=\count114
\c@definition=\count115
\c@equationnumber=\count116
amsgen already loaded)
No file swp0002.aux.
\openout1 = `swp0002.aux'.

LaTeX Font Info:    Checking defaults for OML/cmm/m/it on input line 21.
LaTeX Font Info:    ... okay on input line 21.
LaTeX Font Info:    Checking defaults for T1/cmr/m/n on input line 21.
LaTeX Font Info:    ... okay on input line 21.
LaTeX Font Info:    Checking defaults for OT1/cmr/m/n on input line 21.
LaTeX Font Info:    ... okay on input line 21.
LaTeX Font Info:    Checking defaults for OMS/cmsy/m/n on input line 21.
LaTeX Font Info:    ... okay on input line 21.
LaTeX Font Info:    Checking defaults for OMX/cmex/m/n on input line 21.
LaTeX Font Info:    ... okay on input line 21.
LaTeX Font Info:    Checking defaults for U/cmr/m/n on input line 21.
LaTeX Font Info:    ... okay on input line 21.
LaTeX Font Info:    Checking defaults for PD1/pdf/m/n on input line 21.
LaTeX Font Info:    ... okay on input line 21.
LaTeX Font Info:    Try loading font information for OT1+ptm on input line 21.
(c:\swp50\TCITeX/tex/latex/latex/psnfss/ot1ptm.fd
File: ot1ptm.fd 2001/06/04 font definitions for OT1/ptm.
)
Package hyperref Info: Link coloring ON on input line 21.

(c:\swp50\TCITeX/tex/latex/contrib/supported/hyperref/nameref.sty
Package: nameref 2001/01/27 v2.19 Cross-referencing by name of section
\c@section@level=\count117
)
LaTeX Info: Redefining \ref on input line 21.
LaTeX Info: Redefining \pageref on input line 21.
\openout4 = `swp0002.out'.



Package pdfscreen Warning: Overly file is overlay1.pdf on input line 26.

LaTeX Font Info:    Calculating math sizes for size <16> on input line 29.

LaTeX Font Warning: Font shape `OT1/cmr/m/n' in size <16> not available
(Font)              size <17.28> substituted on input line 29.


LaTeX Font Warning: Font shape `OML/cmm/m/it' in size <16> not available
(Font)              size <17.28> substituted on input line 29.


LaTeX Font Warning: Font shape `OMS/cmsy/m/n' in size <16> not available
(Font)              size <17.28> substituted on input line 29.


LaTeX Font Warning: Font shape `OMX/cmex/m/n' in size <16> not available
(Font)              size <17.28> substituted on input line 29.

LaTeX Font Info:    Try loading font information for U+msa on input line 29.
(c:\swp50\TCITeX/tex/latex/latex/amsfonts/umsa.fd
File: umsa.fd 2002/01/19 v2.2g AMS font definitions
)

LaTeX Font Warning: Font shape `U/msa/m/n' in size <16> not available
(Font)              size <17.28> substituted on input line 29.

LaTeX Font Info:    Try loading font information for U+msb on input line 29.
(c:\swp50\TCITeX/tex/latex/latex/amsfonts/umsb.fd
File: umsb.fd 2002/01/19 v2.2g AMS font definitions
)

LaTeX Font Warning: Font shape `U/msb/m/n' in size <16> not available
(Font)              size <17.28> substituted on input line 29.


Package pdfscreen Warning: Overly file is overlay2.pdf on input line 35.


Package pdfscreen Warning: Overly file is overlay3.pdf on input line 41.

<overlay3.pdf, id=7, 614.295pt x 450.68375pt>
File: overlay3.pdf Graphic file (type pdf)
 <use overlay3.pdf>
LaTeX Font Info:    Try loading font information for OT1+phv on input line 41.

(c:\swp50\TCITeX/tex/latex/latex/psnfss/ot1phv.fd
File: ot1phv.fd 2001/06/04 scalable font definitions for OT1/phv.
)
LaTeX Font Info:    Font shape `OT1/phv/m/it' in size <8> not available
(Font)              Font shape `OT1/phv/m/sl' tried instead on input line 41.
 [1{c:\swp50\TCITeX/pdftex/config/TrueTeX.map}{c:\swp50\TCITeX/pdftex/config/Wi
nFonts.map}{c:\swp50\TCITeX/pdftex/config/msi.map}

 <c:\swp50\TCITeX/tex/latex/latex/pdfscreen/overlay3.pdf>]

Package pdfscreen Warning: Overly file is overlay4.pdf on input line 47.

<overlay4.pdf, id=39, 614.295pt x 451.6875pt>
File: overlay4.pdf Graphic file (type pdf)
 <use overlay4.pdf> [2 <c:\swp50\TCITeX/tex/latex/latex/pdfscreen/overlay4.pdf>
]

Package pdfscreen Warning: Overly file is overlay5.pdf on input line 53.

<overlay5.pdf, id=54, 614.295pt x 450.68375pt>
File: overlay5.pdf Graphic file (type pdf)
 <use overlay5.pdf> [3 <c:\swp50\TCITeX/tex/latex/latex/pdfscreen/overlay5.pdf>
]

Package pdfscreen Warning: Overly file is overlay6.pdf on input line 59.

<overlay6.pdf, id=69, 614.295pt x 450.68375pt>
File: overlay6.pdf Graphic file (type pdf)
 <use overlay6.pdf> [4 <c:\swp50\TCITeX/tex/latex/latex/pdfscreen/overlay6.pdf>
]

Package pdfscreen Warning: Overly file is overlay7.pdf on input line 65.

<overlay7.pdf, id=84, 614.295pt x 450.68375pt>
File: overlay7.pdf Graphic file (type pdf)
 <use overlay7.pdf> [5 <c:\swp50\TCITeX/tex/latex/latex/pdfscreen/overlay7.pdf>
]

Package pdfscreen Warning: Overly file is overlay8.pdf on input line 71.

<overlay8.pdf, id=99, 614.295pt x 450.68375pt>
File: overlay8.pdf Graphic file (type pdf)
 <use overlay8.pdf> [6 <c:\swp50\TCITeX/tex/latex/latex/pdfscreen/overlay8.pdf>
]

Package pdfscreen Warning: Overly file is overlay9.pdf on input line 77.

<overlay9.pdf, id=114, 614.295pt x 450.68375pt>
File: overlay9.pdf Graphic file (type pdf)
 <use overlay9.pdf> [7 <c:\swp50\TCITeX/tex/latex/latex/pdfscreen/overlay9.pdf>
]

Package pdfscreen Warning: Overly file is overlay10.pdf on input line 83.

<overlay10.pdf, id=130, 614.295pt x 450.68375pt>
File: overlay10.pdf Graphic file (type pdf)
 <use overlay10.pdf> [8 <c:\swp50\TCITeX/tex/latex/latex/pdfscreen/overlay10.pd
f>]

Package pdfscreen Warning: Overly counter reset to zero on input line 89.


Package pdfscreen Warning: Overly file is overlay1.pdf on input line 89.

<overlay1.pdf, id=145, 614.295pt x 450.68375pt>
File: overlay1.pdf Graphic file (type pdf)
 <use overlay1.pdf> [9 <c:\swp50\TCITeX/tex/latex/latex/pdfscreen/overlay1.pdf>
]

Package pdfscreen Warning: Overly file is overlay2.pdf on input line 95.

<overlay2.pdf, id=160, 614.295pt x 450.68375pt>
File: overlay2.pdf Graphic file (type pdf)
 <use overlay2.pdf> [10 <c:\swp50\TCITeX/tex/latex/latex/pdfscreen/overlay2.pdf
>]

Package pdfscreen Warning: Overly file is overlay3.pdf on input line 101.

File: overlay3.pdf Graphic file (type pdf)
<use overlay3.pdf> [11]

Package pdfscreen Warning: Overly file is overlay4.pdf on input line 107.

File: overlay4.pdf Graphic file (type pdf)
<use overlay4.pdf> [12]

Package pdfscreen Warning: Overly file is overlay5.pdf on input line 113.

File: overlay5.pdf Graphic file (type pdf)
<use overlay5.pdf> [13]

Package pdfscreen Warning: Overly file is overlay6.pdf on input line 119.

File: overlay6.pdf Graphic file (type pdf)
<use overlay6.pdf> [14]

Package pdfscreen Warning: Overly file is overlay7.pdf on input line 125.

File: overlay7.pdf Graphic file (type pdf)
<use overlay7.pdf> [15]

Package pdfscreen Warning: Overly file is overlay8.pdf on input line 131.

File: overlay8.pdf Graphic file (type pdf)
<use overlay8.pdf> [16]

Package pdfscreen Warning: Overly file is overlay9.pdf on input line 137.

File: overlay9.pdf Graphic file (type pdf)
<use overlay9.pdf> [17]

Package pdfscreen Warning: Overly file is overlay10.pdf on input line 143.

File: overlay10.pdf Graphic file (type pdf)
<use overlay10.pdf> [18]

Package pdfscreen Warning: Overly counter reset to zero on input line 149.


Package pdfscreen Warning: Overly file is overlay1.pdf on input line 149.

File: overlay1.pdf Graphic file (type pdf)
<use overlay1.pdf> [19]

Package pdfscreen Warning: Overly file is overlay2.pdf on input line 155.

File: overlay2.pdf Graphic file (type pdf)
<use overlay2.pdf> [20]

Package pdfscreen Warning: Overly file is overlay3.pdf on input line 161.

File: overlay3.pdf Graphic file (type pdf)
<use overlay3.pdf> [21]

Package pdfscreen Warning: Overly file is overlay4.pdf on input line 167.

File: overlay4.pdf Graphic file (type pdf)
<use overlay4.pdf> [22]
File: overlay4.pdf Graphic file (type pdf)
 <use overlay4.pdf> [23]
File: overlay4.pdf Graphic file (type pdf)
 <use overlay4.pdf> [24]
(./swp0002.aux)

LaTeX Font Warning: Size substitutions with differences
(Font)              up to 1.28pt have occurred.

 )
(\end occurred when \ifx on line 758 was incomplete) 
Here is how much of TeX's memory you used:
 3489 strings out of 95371
 44725 string characters out of 1189215
 89422 words of memory out of 1544805
 6381 multiletter control sequences out of 10000+50000
 19035 words of font info for 53 fonts, out of 1000000 for 2000
 14 hyphenation exceptions out of 1000
 36i,12n,26p,280b,334s stack positions out of 5000i,500n,6000p,200000b,40000s
 344 PDF objects out of 300000
 26 named destinations out of 131072
 67 words of extra memory for PDF output out of 65536
{c:\swp50\TCITeX/fonts/type
1/cmex10.enc}<c:\swp50\TCITeX/fonts/truetype/cmex10.ttf>{c:\swp50\TCITeX/fonts/
type1/cmmi12.enc}<c:\swp50\TCITeX/fonts/truetype/cmmi12.ttf>{c:\swp50\TCITeX/te
x/LaTeX/required/psnfss/8r.enc}<c:/WINNT/fonts/times.ttf><c:/WINNT/fonts/ariali
.ttf>{c:\swp50\TCITeX/fonts/type1/cmsy10.enc}<c:\swp50\TCITeX/fonts/truetype/cm
sy10.ttf>
Output written on swp0002.pdf (24 pages, 123103 bytes).
