This is pdfTeX, Version 3.1415926-2.4-1.40.13 (TeX Live 2012/Debian) (format=pdflatex 2012.11.9)  29 JUN 2013 22:46
entering extended mode
 restricted \write18 enabled.
 %&-line parsing enabled.
**caption.ins  --shell-escape
(./caption.ins
LaTeX2e <2011/06/27>
Babel <v3.8m> and hyphenation patterns for english, dumylang, nohyphenation, et
hiopic, farsi, arabic, pinyin, croatian, bulgarian, ukrainian, russian, slovak,
 czech, danish, dutch, usenglishmax, ukenglish, finnish, french, basque, ngerma
n, german, swissgerman, ngerman-x-2012-05-30, german-x-2012-05-30, monogreek, g
reek, ibycus, ancientgreek, hungarian, bengali, tamil, hindi, telugu, gujarati,
 sanskrit, malayalam, kannada, assamese, marathi, oriya, panjabi, italian, lati
n, latvian, lithuanian, mongolian, mongolianlmc, nynorsk, bokmal, indonesian, e
speranto, coptic, welsh, irish, interlingua, serbian, serbianc, slovenian, friu
lan, romansh, estonian, romanian, armenian, uppersorbian, turkish, afrikaans, i
celandic, kurmanji, polish, portuguese, galician, catalan, spanish, swedish, lo
aded.
(/usr/share/texlive/texmf-dist/tex/latex/base/docstrip.tex
\blockLevel=\count79
\emptyLines=\count80
\processedLines=\count81
\commentsRemoved=\count82
\commentsPassed=\count83
\codeLinesPassed=\count84
\TotalprocessedLines=\count85
\TotalcommentsRemoved=\count86
\TotalcommentsPassed=\count87
\TotalcodeLinesPassed=\count88
\NumberOfFiles=\count89
\inFile=\read1
\inputcheck=\read2
\off@0=\count90
\off@1=\count91
\off@2=\count92
\off@3=\count93
\off@4=\count94
\off@5=\count95
\off@6=\count96
\off@7=\count97
\off@8=\count98
\off@9=\count99
\off@10=\count100
\off@11=\count101
\off@12=\count102
\off@13=\count103
\off@14=\count104
\off@15=\count105
\@maxfiles=\count106
\@maxoutfiles=\count107

Utility: `docstrip' 2.5d <2005/07/29>
English documentation    <1999/03/31>

**********************************************************
* This program converts documented macro-files into fast *
* loadable files by stripping off (nearly) all comments! *
**********************************************************

********************************************************
* No Configuration file found, using default settings. *
********************************************************

(./caption.ins

Generating file(s) ./caption.sty 
\openout0 = `./caption.sty'.


Processing file caption.dtx (package) -> caption.sty
File caption.dtx ended by \endinput.
Lines  processed: 4726
Comments removed: 2963
Comments  passed: 5
Codelines passed: 1754


Generating file(s) ./caption2.sty 
\openout0 = `./caption2.sty'.


Processing file caption2.dtx (package) -> caption2.sty
File caption2.dtx ended by \endinput.
Lines  processed: 1388
Comments removed: 952
Comments  passed: 0
Codelines passed: 431


Generating file(s) ./caption3.sty 
\openout0 = `./caption3.sty'.


Processing file caption3.dtx (package) -> caption3.sty
File caption3.dtx ended by \endinput.
Lines  processed: 3874
Comments removed: 2236
Comments  passed: 1
Codelines passed: 1633


Generating file(s) ./bicaption.sty 
\openout0 = `./bicaption.sty'.


Processing file bicaption.dtx (package) -> bicaption.sty
File bicaption.dtx ended by \endinput.
Lines  processed: 1257
Comments removed: 998
Comments  passed: 0
Codelines passed: 255


Generating file(s) ./ltcaption.sty 
\openout0 = `./ltcaption.sty'.


Processing file ltcaption.dtx (package) -> ltcaption.sty
File ltcaption.dtx ended by \endinput.
Lines  processed: 868
Comments removed: 674
Comments  passed: 0
Codelines passed: 190


Generating file(s) ./subcaption.sty 
\openout0 = `./subcaption.sty'.


Processing file subcaption.dtx (package) -> subcaption.sty
File subcaption.dtx ended by \endinput.
Lines  processed: 1140
Comments removed: 1006
Comments  passed: 0
Codelines passed: 130


Generating file(s) ./newfloat.sty 
\openout0 = `./newfloat.sty'.


Processing file newfloat.dtx (package) -> newfloat.sty
File newfloat.dtx ended by \endinput.
Lines  processed: 1820
Comments removed: 1092
Comments  passed: 2
Codelines passed: 722


Generating file(s) ./totalcount.sty 
\openout0 = `./totalcount.sty'.


Processing file totalcount.dtx (package) -> totalcount.sty
File totalcount.dtx ended by \endinput.
Lines  processed: 387
Comments removed: 288
Comments  passed: 0
Codelines passed: 95

***********************************************************
*
* To finish the installation you have to move the files
* `caption.sty', `caption2.sty', 'caption3.sty',
* `bicaption.sty', `ltcaption.sty', `subcaption.sty',
* `newfloat.sty', and `totalcount.sty'
* into a directory searched by TeX.
*
* To produce the documentation run the file
* `caption-eng.tex' (English version) or `caption-rus.tex'
* (Russian version) or `caption-deu.tex' (German version)
* through LaTeX.
*
***********************************************************
)
Overall statistics:
Files  processed: 8
Lines  processed: 15460
Comments removed: 10209
Comments  passed: 8
Codelines passed: 5210
 ) ) 
Here is how much of TeX's memory you used:
 383 strings out of 493493
 4220 string characters out of 3143797
 55008 words of memory out of 3000000
 3775 multiletter control sequences out of 15000+200000
 3640 words of font info for 14 fonts, out of 3000000 for 9000
 957 hyphenation exceptions out of 8191
 15i,0n,15p,302b,120s stack positions out of 5000i,500n,10000p,200000b,50000s

No pages of output.
PDF statistics:
 0 PDF objects out of 1000 (max. 8388607)
 0 named destinations out of 1000 (max. 500000)
 1 words of extra memory for PDF output out of 10000 (max. 10000000)

