This is pdfTeX, Version 3.1415926-2.4-1.40.13 (TeX Live 2012/Debian) (format=pdflatex 2012.11.9)  25 FEB 2014 11:10
entering extended mode
 restricted \write18 enabled.
 %&-line parsing enabled.
**glossary.ins  --shell-escape
(./glossary.ins
LaTeX2e <2011/06/27>
Babel <v3.8m> and hyphenation patterns for english, dumylang, nohyphenation, et
hiopic, farsi, arabic, pinyin, croatian, bulgarian, ukrainian, russian, slovak,
 czech, danish, dutch, usenglishmax, ukenglish, finnish, french, basque, ngerma
n, german, swissgerman, ngerman-x-2012-05-30, german-x-2012-05-30, monogreek, g
reek, ibycus, ancientgreek, hungarian, bengali, tamil, hindi, telugu, gujarati,
 sanskrit, malayalam, kannada, assamese, marathi, oriya, panjabi, italian, lati
n, latvian, lithuanian, mongolian, mongolianlmc, nynorsk, bokmal, indonesian, e
speranto, coptic, welsh, irish, interlingua, serbian, serbianc, slovenian, friu
lan, romansh, estonian, romanian, armenian, uppersorbian, turkish, afrikaans, i
celandic, kurmanji, polish, portuguese, galician, catalan, spanish, swedish, lo
aded.
(/usr/share/texlive/texmf-dist/tex/latex/base/docstrip.tex
\blockLevel=\count79
\emptyLines=\count80
\processedLines=\count81
\commentsRemoved=\count82
\commentsPassed=\count83
\codeLinesPassed=\count84
\TotalprocessedLines=\count85
\TotalcommentsRemoved=\count86
\TotalcommentsPassed=\count87
\TotalcodeLinesPassed=\count88
\NumberOfFiles=\count89
\inFile=\read1
\inputcheck=\read2
\off@0=\count90
\off@1=\count91
\off@2=\count92
\off@3=\count93
\off@4=\count94
\off@5=\count95
\off@6=\count96
\off@7=\count97
\off@8=\count98
\off@9=\count99
\off@10=\count100
\off@11=\count101
\off@12=\count102
\off@13=\count103
\off@14=\count104
\off@15=\count105
\@maxfiles=\count106
\@maxoutfiles=\count107

Utility: `docstrip' 2.5d <2005/07/29>
English documentation    <1999/03/31>

**********************************************************
* This program converts documented macro-files into fast *
* loadable files by stripping off (nearly) all comments! *
**********************************************************

********************************************************
* No Configuration file found, using default settings. *
********************************************************

)

Generating file(s) ./makeglos.pl ./sampleSec.tex ./sampleNtn.tex ./sampleEqPg.t
ex ./makeglos.bat ./sample.tex ./sampleNtn2.tex ./glossary.perl ./glossary.sty 
./sample4col.tex ./sampleAcr.tex ./sampleEq.tex 
\openout0 = `./makeglos.pl'.

\openout1 = `./sampleSec.tex'.

\openout2 = `./sampleNtn.tex'.

\openout3 = `./sampleEqPg.tex'.

\openout4 = `./makeglos.bat'.

\openout5 = `./sample.tex'.

\openout6 = `./sampleNtn2.tex'.

\openout7 = `./glossary.perl'.

\openout8 = `./glossary.sty'.

\openout9 = `./sample4col.tex'.

\openout10 = `./sampleAcr.tex'.

\openout11 = `./sampleEq.tex'.


Processing file glossary.dtx (makeglos.pl) -> makeglos.pl
                             (sampleSec.tex,package) -> sampleSec.tex
                             (sampleNtn.tex,package) -> sampleNtn.tex
                             (sampleEqPg.tex,package) -> sampleEqPg.tex
                             (makeglos.bat) -> makeglos.bat
                             (sample.tex,package) -> sample.tex
                             (sampleNtn2.tex,package) -> sampleNtn2.tex
                             (glossary.perl) -> glossary.perl
                             (glossary.sty,package) -> glossary.sty
                             (sample4col.tex,package) -> sample4col.tex
                             (sampleAcr.tex,package) -> sampleAcr.tex
                             (sampleEq.tex,package) -> sampleEq.tex
% % % % % % % % % % % % % % % % % % % % % <*package > % % % % % % <*driver . .
. . . . . . . . . . . . / . . . . . . . . . . / . . . . . . . . . . . . . . .
. . . / . . . > % % % % % % % % % % % % % % % % % % % % % % % % % % % % % % %
% % % % % % % % % % % % % % % % % % % % % % % % % % % % % % % % % % % % % % %
% % % % % % % % % % % % % % % % % % % % % % % % % % % % % % % % % % % % % % %
% % % % % % % % % % % % % % % % % % % % % % % % % % % % % % % % % % % % % % %
% % % % % % % % % % % % % % % % % % % % % % % % % % % % % % % % % % % % % % %
% % % % % % % % % % % % % % % % % % % % % % % % % % % % % % % % % % % % % % %
% % % % % % % % % % % % % % % % % % % % % % % % % % % % % % % % % % % % % % %
% % % % % % % % % % % % % % % % % % % % % % % % % % % % % % % % % % % % % % %
% % % % % % % % % % % % % % % % % % % % % % % % % % % % % % % % % % % % % % %
% % % % % % % % % % % % % % % % % % % % % % % % % % % % % % % % % % % % % % %
% % % % % % % % % % % % % % % % % % % % % % % % % % % % % % % % % % % % % % %
% % % % % % % % % % % % % % % % % % % % % % % % % % % % % % % % % % % % % % %
% % % % % % % % % % % % % % % % % % % % % % % % % % % % % % % % % % % % % % %
% % % % % % % % % % % % % % % % % % % % % % % % % % % % % % % % % % % % % % %
% % % % % % % % % % % % % % % % % % % % % % % % % % % % % % % % % % % % % % %
% % % % % % % % % % % % % % % % % % % % % % % % % % % % % % % % % % % % % % %
% % % % % % % % % % % % % % % % % % % % % % % % % % % % % % % % % % % % % % %
% % % % % % % % % % % % % % % % % % % % % % % % % % % % % % % % % % % % % % %
% % % % % % % % % % % % % % % % % % % % % % % % % % % % % % % % % % % % % % %
% % % % % % % % % % % % % % % % % % % % % % % % % % % % % % % % % % % % % % %
% % % % % % % % % % % % % % % % % % % % % % % % % % % % % % % % % % % % % % %
% % % % % % % % % % % % % % % % % % % % % % % % % % % % % % % % % % % % % % %
% % % % % % % % % % % % % % % % % % % % % % % % % % % % % % % % % % % % % % %
% % % % % % % % % % % % % % % % % % % % % % % % % % % % % % % % % % % % % % %
% % % % % % % % % % % % % % % % % % % % % % % % % % % % % % % % % % % % % % %
% % % % % % % % % % % % % % % % % % % % % % % % % % % % % % % % % % % % % % %
% % % % % % % % % % % % % % % % % % % % % % % % % % % % % % % % % % % % % % %
% % % % % % % % % % % % % % % % % % % % % % % % % % % % % % % % % % % % % % %
% % % % % % % % % % % % % % % % % % % % % % % % % % % % % % % % % % % % % % %
% % % % % % % % % % % % % % % % % % % % % % % % % % % % % % % % % % % % % % %
% % % % % % % % % % % % % % % % % % % % % % % % % % % % % % % % % % % % % % %
% % % % % % % % % % % % % % % % % % % % % % % % % % % % % % % % % % % % % % %
% % % % % % % % % % % % % % % % % % % % % % % % % % % % % % % % % % % % % % %
% % % % % % % % % % % % % % % % % % % % % % % % % % % % % % % % % % % % % % %
% % % % % % % % % % % % % % % % % % % % % % % % % % % % % % % % % % % % % % %
% % % % % % % % % % % % % % % % % % % % % % % % % % % % % % % % % % % % % % %
% % % % % % % % % % % % % % % % % % % % % % % % % % % % % % % % % % % % % % %
% % % % % % % % % % % % % % % % % % % % % % % % % % % % % % % % % % % % % % %
% % % % % % % % % % % % % % % % % % % % % % % % % % % % % % % % % % % % % % %
% % % % % % % % % % % % % % % % % % % % % % % % % % % % % % % % % % % % % % %
% % % % % % % % % % % % % % % % % % % % % % % % % % % % % % % % % % % % % % %
% % % % % % % % % % % % % % % % % % % % % % % % % % % % % % % % % % % % % % %
% % % % % % % % % % % % % % % % % % % % % % % % % % % % % % % % % % % % % % %
% % % % % % % % % % % % % % % % % % % % % % % % % % % % % % % % % % % % % % %
% % % % % % % % % % % % % % % % % % % % % % % % % % % % % % % % % % % % % % %
% % % % % % % % % % % % % % % % % % % % % % % % % % % % % % % % % % % % % % %
% % % % % % % % % % % % % % % % % % % % % % % % % % % % % % % % % % % % % % %
% % % % % % % % % % % % % % % % % % % % % % % % % % % % % % % % % % % % % % %
% % % % % % % % % % % % % % % % % % % % % % % % % % % % % % % % % % % % % % %
% % % % % % % % % % % % % % % % % % % % % % % <*glossary.sty % % % . . % % % .
. % % % % % % % % % . . . . . . . . % % % % % . . . . . . % % % % % . . . . .
. % % % % % . . . . . . . % % % % . . . . . . . . . % % % % . . . . . . % % %
% % % . . . . . . % % % % . . . . . . . % % % % . . . . . . . % % % % . . . .
. % % % % % . . . . . . % % % % % . . . . . % % % . . . . . . % % % . . % % %
% % . % . . . . . . % % % % . . . % % % % . % % % . . . . . . . % % % % . . .
% % % . % % % . . . . . . . . . % % % % . . . . % % % % % % % % . . . . . . .
. . . . . . % % % % % % % % . % % % % % % . % % % % . % % % % . . . . . . . .
. . . . . . % % % . . . . . % % % % % % . . . . . . . . . . . . . . . . . % %
% % . . . . . % % % . . . % % % . . . . . . . % % % % . . . % % % % % % % % .
. . . . % % % % % . . . . . . . . . . . . . . % % % % . . . . . . . . . . . .
. . . . . . . % % % % % . . . . . . . . . . . . . . . . . % % % % . . . % % %
% % . . . . . . % % % % % % % % % % % % . % % % . . . . . % % % % . . . % % %
. . . . . . . . % % % . % % % . % % % % . . . . . % % % . % % % % % . . . . .
. . . % % % % . . . . . . . . . . . . . . . . . . . . . . . . . . . . % % % %
. . . . . . . % % % % . % % % % . . . . . . . . . . . . . . . . . . . . . % .
. . % . . . % . . . % . . . % . . . . . % % % % % . % % % % % % . . . . . . .
. . . % % % % . . . . . . . % % % % . % % % % . . % % % . . % % % % . . . . %
% % . % % % . . % % % . . . % % % . % % % % . . . . % % % % . . . . % % % . %
% % % % % % . % % % % . . % % % % % . . % % % . . % % % . . . . % % % % . . .
% % % % . . . . . . % % % % . . % % % . . . % % % % % . . . % % % . . . . . .
. . . . . . . . . . . . . . . . . . . . % % % % . . . . . . . . . . . . % % %
. . . . . . . . . . . % % % % % % % % % . . . . . . . % % % . . % % % % % % %
. . . . . % % % % . . . . . . . . . . . . . . . . . . . . . . . . . . . . % %
% % . % % % . . . . . . . . . . % . . . . . . . . . . . % . . % . % . . . . .
. . . . . . % % % % % % . . . . % % % . . . % . . . . . . . . . % . . . % % %
. . . % . . . . . . . . . % . . . % % % . . . . . . . . % % % . . % % % % . .
. . . . . . % % % % % . . . . . . % % % % % . . . . . . % % % % % % % . . . .
. . % % % . . . . . . . . . % % % . . . . . % % % % . . % % % % % % . . . % %
% % % % . . . . . . . . . . . . . . . . . . . . . . . % % % % % % % % % % % %
% . . . . . . . . . % % % % % % % % . . % % % % % % % % % % . . . . . . . . .
. . . . . . . . . . . . . . . . . . . . % % % % . % % % . . . . . . . . . . %
% % . . . . % % % . . . . % % % . % % % % . . . . . . % % % . . % % % . . . .
. % % % % . . % % % % . . % % % % % . % % % . . . . . . . . . . . . % . . . .
. . . . . . . . . . . . . . . . % . . . . . . . . . % . . . . . . . . . . . .
. % . . . . . . . . . . % . . . . . . . . . . . . . . . . . . % % % . . . . .
. . % % % % % . % % % . . . % % % . . . . % % % . % % % . . . % % % . . . . %
% % % % . . . . % % % % . . . . . . . . % % % . . . . . . . . % % % % . . % %
% % . . % % % . . . . . . . % % % % % % % % % % % % % . . . . . . . . . . % %
% . . . . . . . . . % % % % % . . % % % % % % % . . . . . % % % % % % % . . .
. . . . . . . % % % . . . . . . . . . . % % % . . . . . . . . . . . . % % % %
% % % % % > % % <*makeglos.pl % % . . . . . . . . . . . . . . . . . . . . . .
. . . . . . . . . . . . . . . . . . . . . . . . . . . . . . . . . . . . . . .
. . . . . . . . . . . . . . . . . . . . . . . . . . . . . . . . . . . . . . .
. . . . . . . . . . . . . . . . . . . . . . . . . . . . . . . . . . . . . . .
. . . . . . . . . . . . . . . . . . . . . . . . . . . . . . . . . . . . . . .
. . . . . . . . . . . . . . . . . . . . . . . . . . . . . . . . . . . . . . .
. . . . . . . . . . . . . . . . . . . . . . . . . . . . . . . . . . . . . . .
. . . . . . . . . . . . . . . . . . . . . . . . . . . . . . . . . . . . . . .
. . . . . . . . . % % > % % <*makeglos.bat % % . . . % % > % % <*glossary.perl
% % . . . . . . . . . . . . . . . . . . . . . . . . . . . . . . . . . . . . .
. . . . . . . . . . . . . . . . . . . . . . . . . . . . . . . . . . . . . . .
. . . . . . . . . . . . . . . . . . . . . . . . . . . . . . . . . . . . . . .
. . . . . . . . . . . . . . . . . . . . . . . . . . . . . . . . . . . . . . .
. . . . . . . . . . . . . . . . . . . . . . . . . . . . . . . . . . . . . . .
. . . . . . . . . . . . . . . . . . . . . . . . . . . . . . . . . . . . . . .
. . . . . . . . . . . . . . . . . . . . . . . . . . . . . . . . . . . . . . .
. . . . . . . . . . . . . . . . . . . . . . . . . . . . . . . . . . . . . . .
. . . . . . . . . . . . . . . . . . . . . . . . . . . . . . . . . . . . . . .
. . . . . . . . . . . . . . . . . . . . . . . . . . . . . . . . . . . . . . .
. . . . . . . . . . . . . . . . . . . . . . . . . . . . . . . . . . . . . . .
. . . . . . . . . . . . . . . . . . . . . . . . . . . . . . . . . . . . . . .
. . . . . . . . . . . . . . . . . . . . . . . . . . . . . . . . . . . . . . .
. . . . . . . . . . . . . . . . . . . . . . . . . . . . . . . . . . . . . . .
. . . . . . . . . . . . . . . . . . . . . . . . . . . . . . . . . . . . . . .
. . . . . . . . . . . . . . . . . . . . . . . . . . . . . . . . . . . . . . .
. . . . . . . . . . . . . . . . . . . . . . . . . . . . . . . . . . . . . . .
. . . . . . . . . . . . . . . . . . . . . . . . . . . . . . . . . . . . . . .
. . . . . . . . . . . . . . . . . . . . . . . . . . . . . . . . . . . . . . .
. . . . . . . . . . . . . . . . . . . . . . . . . . . . . . . . . . . . . . .
. . . . . . . . . . . . . . . . . . . . . . . . . . . . . . . . . . . . . . .
. . . . . . . . . . . . . . . . . . . . . . . . . . . . . . . . . . . . . . .
. . . . . . . . . . . . . . . . . . . . . . . . . . . . . . . . . . . . . . .
. . . . . . . . . . . . . . . . . . . . . . . . . . . . . . . . . . . . . . .
. . . . . . . . . . . . . . . . . . . . . . . . . . . . . . . . . . . . . . .
. . . . . . . . . . . . . . . . . . . . . . . . . . . . . . . . . . . . . . .
. . . . . . . . . . . . . . . . . . . . . . . . . . . . . . . . . . . . . . .
. . . . % % > % % <*sample.tex % % . . . . . . . % % % % % % . . . . . . . . .
. . . % % . . . . . . . . . . . . . . . . . . . . . . . . . . . . . . . . . .
. . . . . . . . . . . % % > % % <*sample4col.tex % % . . % . . % % % . . % . .
. . . . . . . . . . . . . . . % % > % % <*sampleAcr.tex % % . . . . . % % % %
% . . . . . . . . . . . . . . . . . . . . . . . . . . . % . . . . . . . . % .
. . % % > % % <*sampleEq.tex % % . . . . . . . . . . . % % % . % . . . . % . .
. . . . . % . . % . . . . . . . . . . . . . . . . . . . . . . . . . . . . . .
. . . . . . . . . . . . . . . . . . . . . . . . . . . . . . . . . . . . . . .
. . . . . . . . . . . . . . . . % . . . . . . . . . . . . . . . . . . . . . .
. . . . . . . . . . . . . . . . . . . . . . . . . . . . . . . . . . . . . . .
. . . . . . . . . . . . . . . . . . . . . . . . . . . . . . . . . . . . . . .
. . . . . . . . . . . . . . . . . . . . . . . . . % % > % % <*sampleEqPg.tex %
% . . . . . . . . . . . . . . . % % % . . % . . % . . % . . % . . . . . . . .
. . . . . . . . . . . . . . . . . . . . . . . . . . . . . . . . . . . . . . .
. . . . . . . . . . . . . . . . . . . . . . . . . . . . . . . . . . . . . . .
. . . . . . . . . . . . . . . . . . . . . . . . . . . . . . . . . . . . . . .
. . . . . . . . . . . . . . . . . . . . . . . . . . . . . . . . . . . . . . .
. . . . . . . . . . . . . . . . . . . . . . . . . . . . . . . . . . . . . . .
. . . . . . . . . . . . . . . . . . . . . . . . . . . . . . . . . % % > % %
<*sampleNtn.tex % % . . . . % . . . . % . . % . % % % . . . . . . . . . . . .
% . . . . . . . . / . . . . . % % % . % . . . . . . . . . . . . . . . . . . .
. . . . . . . % % > % % <*sampleNtn2.tex % % . . . . . . . . % % . . % . . . .
. . % . . . . . . . . . . . . . . . . . . . . . . % . . . . . . . . / . . . .
. % % % . . % . . . . . . . . . . . . . . . . . . % % > % % <*sampleSec.tex %
% . . . . . . . . . . . . . . . . . . . . . . . . . . . . . . . . . . . . . .
. . . . . . . . . . . . % % > % % %
File glossary.dtx ended by \endinput.
Lines  processed: 5909
Comments removed: 2703
Comments  passed: 15
Codelines passed: 3163

 ) 
Here is how much of TeX's memory you used:
 419 strings out of 493493
 4546 string characters out of 3143797
 56399 words of memory out of 3000000
 3808 multiletter control sequences out of 15000+200000
 3640 words of font info for 14 fonts, out of 3000000 for 9000
 957 hyphenation exceptions out of 8191
 11i,0n,15p,218b,243s stack positions out of 5000i,500n,10000p,200000b,50000s

No pages of output.
PDF statistics:
 0 PDF objects out of 1000 (max. 8388607)
 0 named destinations out of 1000 (max. 500000)
 1 words of extra memory for PDF output out of 10000 (max. 10000000)

